[0.016s] Invoking command in '/home/francesco/humble_ws/src/Azure_Kinect_ROS_Driver/build/azure_kinect_ros_driver': CMAKE_PREFIX_PATH=${CMAKE_PREFIX_PATH}:/opt/ros/humble /usr/bin/cmake --build /home/francesco/humble_ws/src/Azure_Kinect_ROS_Driver/build/azure_kinect_ros_driver -- -j12 -l12
[0.055s] [35m[1mConsolidate compiler generated dependencies of target azure_kinect_ros_driver_node[0m
[0.083s] [ 20%] [32mBuilding CXX object CMakeFiles/azure_kinect_ros_driver_node.dir/src/k4a_ros_device.cpp.o[0m
[2.410s] [01m[K/home/francesco/humble_ws/src/Azure_Kinect_ROS_Driver/src/k4a_ros_device.cpp:[m[K In member function ‘[01m[Kk4a_result_t K4AROSDevice::getBodyMarker(const k4abt_body_t&, std::shared_ptr<visualization_msgs::msg::Marker_<std::allocator<void> > >, int, rclcpp::Time)[m[K’:
[2.410s] [01m[K/home/francesco/humble_ws/src/Azure_Kinect_ROS_Driver/src/k4a_ros_device.cpp:772:61:[m[K [01;31m[Kerror: [m[Kno matching function for call to ‘[01m[Krclcpp::Duration::Duration(uint32_t)[m[K’
[2.411s]   772 |   marker_msg->lifetime = rclcpp::Duration(uint32_t(25000000)[01;31m[K)[m[K;
[2.411s]       |                                                             [01;31m[K^[m[K
[2.411s] In file included from [01m[K/opt/ros/humble/include/rclcpp/rclcpp/qos.hpp:20[m[K,
[2.411s]                  from [01m[K/opt/ros/humble/include/rclcpp/rclcpp/node_interfaces/node_graph_interface.hpp:32[m[K,
[2.411s]                  from [01m[K/opt/ros/humble/include/rclcpp/rclcpp/client.hpp:42[m[K,
[2.411s]                  from [01m[K/opt/ros/humble/include/rclcpp/rclcpp/callback_group.hpp:24[m[K,
[2.411s]                  from [01m[K/opt/ros/humble/include/rclcpp/rclcpp/node.hpp:40[m[K,
[2.411s]                  from [01m[K/opt/ros/humble/include/image_transport/image_transport/image_transport.hpp:37[m[K,
[2.411s]                  from [01m[K/home/francesco/humble_ws/src/Azure_Kinect_ROS_Driver/include/azure_kinect_ros_driver/k4a_ros_device.h:15[m[K,
[2.411s]                  from [01m[K/home/francesco/humble_ws/src/Azure_Kinect_ROS_Driver/src/k4a_ros_device.cpp:6[m[K:
[2.412s] [01m[K/opt/ros/humble/include/rclcpp/rclcpp/duration.hpp:48:3:[m[K [01;36m[Knote: [m[Kcandidate: ‘[01m[Ktemplate<class Rep, class Period> rclcpp::Duration::Duration(const std::chrono::duration<_Rep1, _Period1>&)[m[K’
[2.412s]    48 |   [01;36m[KDuration[m[K(const std::chrono::duration<Rep, Period> & duration)  // NOLINT(runtime/explicit)
[2.412s]       |   [01;36m[K^~~~~~~~[m[K
[2.412s] [01m[K/opt/ros/humble/include/rclcpp/rclcpp/duration.hpp:48:3:[m[K [01;36m[Knote: [m[K  template argument deduction/substitution failed:
[2.412s] [01m[K/home/francesco/humble_ws/src/Azure_Kinect_ROS_Driver/src/k4a_ros_device.cpp:772:61:[m[K [01;36m[Knote: [m[K  mismatched types ‘[01m[Kconst std::chrono::duration<_Rep1, _Period1>[m[K’ and ‘[01m[Kuint32_t[m[K’ {aka ‘[01m[Kunsigned int[m[K’}
[2.412s]   772 |   marker_msg->lifetime = rclcpp::Duration(uint32_t(25000000)[01;36m[K)[m[K;
[2.412s]       |                                                             [01;36m[K^[m[K
[2.412s] In file included from [01m[K/opt/ros/humble/include/rclcpp/rclcpp/qos.hpp:20[m[K,
[2.412s]                  from [01m[K/opt/ros/humble/include/rclcpp/rclcpp/node_interfaces/node_graph_interface.hpp:32[m[K,
[2.412s]                  from [01m[K/opt/ros/humble/include/rclcpp/rclcpp/client.hpp:42[m[K,
[2.412s]                  from [01m[K/opt/ros/humble/include/rclcpp/rclcpp/callback_group.hpp:24[m[K,
[2.412s]                  from [01m[K/opt/ros/humble/include/rclcpp/rclcpp/node.hpp:40[m[K,
[2.412s]                  from [01m[K/opt/ros/humble/include/image_transport/image_transport/image_transport.hpp:37[m[K,
[2.413s]                  from [01m[K/home/francesco/humble_ws/src/Azure_Kinect_ROS_Driver/include/azure_kinect_ros_driver/k4a_ros_device.h:15[m[K,
[2.413s]                  from [01m[K/home/francesco/humble_ws/src/Azure_Kinect_ROS_Driver/src/k4a_ros_device.cpp:6[m[K:
[2.413s] [01m[K/opt/ros/humble/include/rclcpp/rclcpp/duration.hpp:151:3:[m[K [01;36m[Knote: [m[Kcandidate: ‘[01m[Krclcpp::Duration::Duration()[m[K’
[2.413s]   151 |   [01;36m[KDuration[m[K() = default;
[2.413s]       |   [01;36m[K^~~~~~~~[m[K
[2.413s] [01m[K/opt/ros/humble/include/rclcpp/rclcpp/duration.hpp:151:3:[m[K [01;36m[Knote: [m[K  candidate expects 0 arguments, 1 provided
[2.413s] [01m[K/opt/ros/humble/include/rclcpp/rclcpp/duration.hpp:61:3:[m[K [01;36m[Knote: [m[Kcandidate: ‘[01m[Krclcpp::Duration::Duration(const rclcpp::Duration&)[m[K’
[2.413s]    61 |   [01;36m[KDuration[m[K(const Duration & rhs);
[2.413s]       |   [01;36m[K^~~~~~~~[m[K
[2.413s] [01m[K/opt/ros/humble/include/rclcpp/rclcpp/duration.hpp:61:29:[m[K [01;36m[Knote: [m[K  no known conversion for argument 1 from ‘[01m[Kuint32_t[m[K’ {aka ‘[01m[Kunsigned int[m[K’} to ‘[01m[Kconst rclcpp::Duration&[m[K’
[2.413s]    61 |   Duration([01;36m[Kconst Duration & rhs[m[K);
[2.413s]       |            [01;36m[K~~~~~~~~~~~~~~~~~^~~[m[K
[2.413s] [01m[K/opt/ros/humble/include/rclcpp/rclcpp/duration.hpp:59:12:[m[K [01;36m[Knote: [m[Kcandidate: ‘[01m[Krclcpp::Duration::Duration(const rcl_duration_t&)[m[K’
[2.413s]    59 |   explicit [01;36m[KDuration[m[K(const rcl_duration_t & duration);
[2.413s]       |            [01;36m[K^~~~~~~~[m[K
[2.413s] [01m[K/opt/ros/humble/include/rclcpp/rclcpp/duration.hpp:59:44:[m[K [01;36m[Knote: [m[K  no known conversion for argument 1 from ‘[01m[Kuint32_t[m[K’ {aka ‘[01m[Kunsigned int[m[K’} to ‘[01m[Kconst rcl_duration_t&[m[K’ {aka ‘[01m[Kconst rcl_duration_s&[m[K’}
[2.413s]    59 |   explicit Duration([01;36m[Kconst rcl_duration_t & duration[m[K);
[2.414s]       |                     [01;36m[K~~~~~~~~~~~~~~~~~~~~~~~^~~~~~~~[m[K
[2.414s] [01m[K/opt/ros/humble/include/rclcpp/rclcpp/duration.hpp:53:3:[m[K [01;36m[Knote: [m[Kcandidate: ‘[01m[Krclcpp::Duration::Duration(const Duration&)[m[K’
[2.414s]    53 |   [01;36m[KDuration[m[K(const builtin_interfaces::msg::Duration & duration_msg);  // NOLINT(runtime/explicit)
[2.414s]       |   [01;36m[K^~~~~~~~[m[K
[2.414s] [01m[K/opt/ros/humble/include/rclcpp/rclcpp/duration.hpp:53:54:[m[K [01;36m[Knote: [m[K  no known conversion for argument 1 from ‘[01m[Kuint32_t[m[K’ {aka ‘[01m[Kunsigned int[m[K’} to ‘[01m[Kconst Duration&[m[K’ {aka ‘[01m[Kconst builtin_interfaces::msg::Duration_<std::allocator<void> >&[m[K’}
[2.414s]    53 |   Duration([01;36m[Kconst builtin_interfaces::msg::Duration & duration_msg[m[K);  // NOLINT(runtime/explicit)
[2.414s]       |            [01;36m[K~~~~~~~~~~~~~~~~~~~~~~~~~~~~~~~~~~~~~~~~~~^~~~~~~~~~~~[m[K
[2.414s] [01m[K/opt/ros/humble/include/rclcpp/rclcpp/duration.hpp:42:12:[m[K [01;36m[Knote: [m[Kcandidate: ‘[01m[Krclcpp::Duration::Duration(std::chrono::nanoseconds)[m[K’
[2.414s]    42 |   explicit [01;36m[KDuration[m[K(std::chrono::nanoseconds nanoseconds);
[2.414s]       |            [01;36m[K^~~~~~~~[m[K
[2.414s] [01m[K/opt/ros/humble/include/rclcpp/rclcpp/duration.hpp:42:46:[m[K [01;36m[Knote: [m[K  no known conversion for argument 1 from ‘[01m[Kuint32_t[m[K’ {aka ‘[01m[Kunsigned int[m[K’} to ‘[01m[Kstd::chrono::nanoseconds[m[K’ {aka ‘[01m[Kstd::chrono::duration<long int, std::ratio<1, 1000000000> >[m[K’}
[2.414s]    42 |   explicit Duration([01;36m[Kstd::chrono::nanoseconds nanoseconds[m[K);
[2.414s]       |                     [01;36m[K~~~~~~~~~~~~~~~~~~~~~~~~~^~~~~~~~~~~[m[K
[2.414s] [01m[K/opt/ros/humble/include/rclcpp/rclcpp/duration.hpp:39:3:[m[K [01;36m[Knote: [m[Kcandidate: ‘[01m[Krclcpp::Duration::Duration(int32_t, uint32_t)[m[K’
[2.414s]    39 |   [01;36m[KDuration[m[K(int32_t seconds, uint32_t nanoseconds);
[2.414s]       |   [01;36m[K^~~~~~~~[m[K
[2.414s] [01m[K/opt/ros/humble/include/rclcpp/rclcpp/duration.hpp:39:3:[m[K [01;36m[Knote: [m[K  candidate expects 2 arguments, 1 provided
[2.414s] [01m[K/home/francesco/humble_ws/src/Azure_Kinect_ROS_Driver/src/k4a_ros_device.cpp:771:12:[m[K [01;35m[Kwarning: [m[Kunused variable ‘[01m[Knanos[m[K’ [[01;35m[K]8;;https://gcc.gnu.org/onlinedocs/gcc/Warning-Options.html#index-Wunused-variable-Wunused-variable]8;;[m[K]
[2.414s]   771 |   uint32_t [01;35m[Knanos[m[K = 25000000;
[2.414s]       |            [01;35m[K^~~~~[m[K
[3.913s] gmake[2]: *** [CMakeFiles/azure_kinect_ros_driver_node.dir/build.make:90: CMakeFiles/azure_kinect_ros_driver_node.dir/src/k4a_ros_device.cpp.o] Error 1
[3.913s] gmake[1]: *** [CMakeFiles/Makefile2:137: CMakeFiles/azure_kinect_ros_driver_node.dir/all] Error 2
[3.913s] gmake: *** [Makefile:146: all] Error 2
[3.915s] Invoked command in '/home/francesco/humble_ws/src/Azure_Kinect_ROS_Driver/build/azure_kinect_ros_driver' returned '2': CMAKE_PREFIX_PATH=${CMAKE_PREFIX_PATH}:/opt/ros/humble /usr/bin/cmake --build /home/francesco/humble_ws/src/Azure_Kinect_ROS_Driver/build/azure_kinect_ros_driver -- -j12 -l12
