[0.016s] Invoking command in '/home/francesco/humble_ws/src/Azure_Kinect_ROS_Driver/build/azure_kinect_ros_driver': CMAKE_PREFIX_PATH=${CMAKE_PREFIX_PATH}:/opt/ros/humble /usr/bin/cmake --build /home/francesco/humble_ws/src/Azure_Kinect_ROS_Driver/build/azure_kinect_ros_driver -- -j12 -l12
[0.054s] [35m[1mConsolidate compiler generated dependencies of target azure_kinect_ros_driver_node[0m
[0.080s] [100%] Built target azure_kinect_ros_driver_node
[0.089s] Invoked command in '/home/francesco/humble_ws/src/Azure_Kinect_ROS_Driver/build/azure_kinect_ros_driver' returned '0': CMAKE_PREFIX_PATH=${CMAKE_PREFIX_PATH}:/opt/ros/humble /usr/bin/cmake --build /home/francesco/humble_ws/src/Azure_Kinect_ROS_Driver/build/azure_kinect_ros_driver -- -j12 -l12
[0.127s] Invoking command in '/home/francesco/humble_ws/src/Azure_Kinect_ROS_Driver/build/azure_kinect_ros_driver': CMAKE_PREFIX_PATH=${CMAKE_PREFIX_PATH}:/opt/ros/humble /usr/bin/cmake --install /home/francesco/humble_ws/src/Azure_Kinect_ROS_Driver/build/azure_kinect_ros_driver
[0.133s] -- Install configuration: ""
[0.133s] -- Up-to-date: /home/francesco/humble_ws/src/Azure_Kinect_ROS_Driver/install/azure_kinect_ros_driver/lib/azure_kinect_ros_driver/node
[0.134s] -- Up-to-date: /home/francesco/humble_ws/src/Azure_Kinect_ROS_Driver/install/azure_kinect_ros_driver/share/azure_kinect_ros_driver//launch
[0.134s] -- Up-to-date: /home/francesco/humble_ws/src/Azure_Kinect_ROS_Driver/install/azure_kinect_ros_driver/share/azure_kinect_ros_driver//launch/slam_rtabmap.launch
[0.134s] -- Up-to-date: /home/francesco/humble_ws/src/Azure_Kinect_ROS_Driver/install/azure_kinect_ros_driver/share/azure_kinect_ros_driver//launch/rectify_test.launch
[0.134s] -- Up-to-date: /home/francesco/humble_ws/src/Azure_Kinect_ROS_Driver/install/azure_kinect_ros_driver/share/azure_kinect_ros_driver//launch/driver.launch.py
[0.135s] -- Up-to-date: /home/francesco/humble_ws/src/Azure_Kinect_ROS_Driver/install/azure_kinect_ros_driver/share/azure_kinect_ros_driver//urdf
[0.135s] -- Up-to-date: /home/francesco/humble_ws/src/Azure_Kinect_ROS_Driver/install/azure_kinect_ros_driver/share/azure_kinect_ros_driver//urdf/azure_kinect.urdf.xacro
[0.135s] -- Up-to-date: /home/francesco/humble_ws/src/Azure_Kinect_ROS_Driver/install/azure_kinect_ros_driver/share/ament_index/resource_index/package_run_dependencies/azure_kinect_ros_driver
[0.135s] -- Up-to-date: /home/francesco/humble_ws/src/Azure_Kinect_ROS_Driver/install/azure_kinect_ros_driver/share/ament_index/resource_index/parent_prefix_path/azure_kinect_ros_driver
[0.135s] -- Up-to-date: /home/francesco/humble_ws/src/Azure_Kinect_ROS_Driver/install/azure_kinect_ros_driver/share/azure_kinect_ros_driver/environment/ament_prefix_path.sh
[0.135s] -- Up-to-date: /home/francesco/humble_ws/src/Azure_Kinect_ROS_Driver/install/azure_kinect_ros_driver/share/azure_kinect_ros_driver/environment/ament_prefix_path.dsv
[0.135s] -- Up-to-date: /home/francesco/humble_ws/src/Azure_Kinect_ROS_Driver/install/azure_kinect_ros_driver/share/azure_kinect_ros_driver/environment/path.sh
[0.135s] -- Up-to-date: /home/francesco/humble_ws/src/Azure_Kinect_ROS_Driver/install/azure_kinect_ros_driver/share/azure_kinect_ros_driver/environment/path.dsv
[0.135s] -- Up-to-date: /home/francesco/humble_ws/src/Azure_Kinect_ROS_Driver/install/azure_kinect_ros_driver/share/azure_kinect_ros_driver/local_setup.bash
[0.135s] -- Up-to-date: /home/francesco/humble_ws/src/Azure_Kinect_ROS_Driver/install/azure_kinect_ros_driver/share/azure_kinect_ros_driver/local_setup.sh
[0.135s] -- Up-to-date: /home/francesco/humble_ws/src/Azure_Kinect_ROS_Driver/install/azure_kinect_ros_driver/share/azure_kinect_ros_driver/local_setup.zsh
[0.135s] -- Up-to-date: /home/francesco/humble_ws/src/Azure_Kinect_ROS_Driver/install/azure_kinect_ros_driver/share/azure_kinect_ros_driver/local_setup.dsv
[0.135s] -- Installing: /home/francesco/humble_ws/src/Azure_Kinect_ROS_Driver/install/azure_kinect_ros_driver/share/azure_kinect_ros_driver/package.dsv
[0.135s] -- Up-to-date: /home/francesco/humble_ws/src/Azure_Kinect_ROS_Driver/install/azure_kinect_ros_driver/share/ament_index/resource_index/packages/azure_kinect_ros_driver
[0.135s] -- Up-to-date: /home/francesco/humble_ws/src/Azure_Kinect_ROS_Driver/install/azure_kinect_ros_driver/share/azure_kinect_ros_driver/cmake/azure_kinect_ros_driverConfig.cmake
[0.136s] -- Up-to-date: /home/francesco/humble_ws/src/Azure_Kinect_ROS_Driver/install/azure_kinect_ros_driver/share/azure_kinect_ros_driver/cmake/azure_kinect_ros_driverConfig-version.cmake
[0.136s] -- Up-to-date: /home/francesco/humble_ws/src/Azure_Kinect_ROS_Driver/install/azure_kinect_ros_driver/share/azure_kinect_ros_driver/package.xml
[0.138s] Invoked command in '/home/francesco/humble_ws/src/Azure_Kinect_ROS_Driver/build/azure_kinect_ros_driver' returned '0': CMAKE_PREFIX_PATH=${CMAKE_PREFIX_PATH}:/opt/ros/humble /usr/bin/cmake --install /home/francesco/humble_ws/src/Azure_Kinect_ROS_Driver/build/azure_kinect_ros_driver
