[35m[1mConsolidate compiler generated dependencies of target azure_kinect_ros_driver_node[0m
[ 20%] [32mBuilding CXX object CMakeFiles/azure_kinect_ros_driver_node.dir/src/k4a_ros_device.cpp.o[0m
[ 40%] [32m[1mLinking CXX executable node[0m
[100%] Built target azure_kinect_ros_driver_node
-- Install configuration: ""
-- Installing: /home/francesco/humble_ws/src/Azure_Kinect_ROS_Driver/install/azure_kinect_ros_driver/lib/azure_kinect_ros_driver/node
-- Set runtime path of "/home/francesco/humble_ws/src/Azure_Kinect_ROS_Driver/install/azure_kinect_ros_driver/lib/azure_kinect_ros_driver/node" to ""
-- Installing: /home/francesco/humble_ws/src/Azure_Kinect_ROS_Driver/install/azure_kinect_ros_driver/share/azure_kinect_ros_driver//launch
-- Installing: /home/francesco/humble_ws/src/Azure_Kinect_ROS_Driver/install/azure_kinect_ros_driver/share/azure_kinect_ros_driver//launch/slam_rtabmap.launch
-- Installing: /home/francesco/humble_ws/src/Azure_Kinect_ROS_Driver/install/azure_kinect_ros_driver/share/azure_kinect_ros_driver//launch/rectify_test.launch
-- Installing: /home/francesco/humble_ws/src/Azure_Kinect_ROS_Driver/install/azure_kinect_ros_driver/share/azure_kinect_ros_driver//launch/driver.launch.py
-- Installing: /home/francesco/humble_ws/src/Azure_Kinect_ROS_Driver/install/azure_kinect_ros_driver/share/azure_kinect_ros_driver//urdf
-- Installing: /home/francesco/humble_ws/src/Azure_Kinect_ROS_Driver/install/azure_kinect_ros_driver/share/azure_kinect_ros_driver//urdf/azure_kinect.urdf.xacro
-- Installing: /home/francesco/humble_ws/src/Azure_Kinect_ROS_Driver/install/azure_kinect_ros_driver/share/ament_index/resource_index/package_run_dependencies/azure_kinect_ros_driver
-- Installing: /home/francesco/humble_ws/src/Azure_Kinect_ROS_Driver/install/azure_kinect_ros_driver/share/ament_index/resource_index/parent_prefix_path/azure_kinect_ros_driver
-- Installing: /home/francesco/humble_ws/src/Azure_Kinect_ROS_Driver/install/azure_kinect_ros_driver/share/azure_kinect_ros_driver/environment/ament_prefix_path.sh
-- Installing: /home/francesco/humble_ws/src/Azure_Kinect_ROS_Driver/install/azure_kinect_ros_driver/share/azure_kinect_ros_driver/environment/ament_prefix_path.dsv
-- Installing: /home/francesco/humble_ws/src/Azure_Kinect_ROS_Driver/install/azure_kinect_ros_driver/share/azure_kinect_ros_driver/environment/path.sh
-- Installing: /home/francesco/humble_ws/src/Azure_Kinect_ROS_Driver/install/azure_kinect_ros_driver/share/azure_kinect_ros_driver/environment/path.dsv
-- Installing: /home/francesco/humble_ws/src/Azure_Kinect_ROS_Driver/install/azure_kinect_ros_driver/share/azure_kinect_ros_driver/local_setup.bash
-- Installing: /home/francesco/humble_ws/src/Azure_Kinect_ROS_Driver/install/azure_kinect_ros_driver/share/azure_kinect_ros_driver/local_setup.sh
-- Installing: /home/francesco/humble_ws/src/Azure_Kinect_ROS_Driver/install/azure_kinect_ros_driver/share/azure_kinect_ros_driver/local_setup.zsh
-- Installing: /home/francesco/humble_ws/src/Azure_Kinect_ROS_Driver/install/azure_kinect_ros_driver/share/azure_kinect_ros_driver/local_setup.dsv
-- Installing: /home/francesco/humble_ws/src/Azure_Kinect_ROS_Driver/install/azure_kinect_ros_driver/share/azure_kinect_ros_driver/package.dsv
-- Installing: /home/francesco/humble_ws/src/Azure_Kinect_ROS_Driver/install/azure_kinect_ros_driver/share/ament_index/resource_index/packages/azure_kinect_ros_driver
-- Installing: /home/francesco/humble_ws/src/Azure_Kinect_ROS_Driver/install/azure_kinect_ros_driver/share/azure_kinect_ros_driver/cmake/azure_kinect_ros_driverConfig.cmake
-- Installing: /home/francesco/humble_ws/src/Azure_Kinect_ROS_Driver/install/azure_kinect_ros_driver/share/azure_kinect_ros_driver/cmake/azure_kinect_ros_driverConfig-version.cmake
-- Installing: /home/francesco/humble_ws/src/Azure_Kinect_ROS_Driver/install/azure_kinect_ros_driver/share/azure_kinect_ros_driver/package.xml
