[0.015s] Invoking command in '/home/francesco/humble_ws/src/Azure_Kinect_ROS_Driver/build/azure_kinect_ros_driver': CMAKE_PREFIX_PATH=${CMAKE_PREFIX_PATH}:/opt/ros/humble /usr/bin/cmake --build /home/francesco/humble_ws/src/Azure_Kinect_ROS_Driver/build/azure_kinect_ros_driver -- -j12 -l12
[0.053s] [35m[1mConsolidate compiler generated dependencies of target azure_kinect_ros_driver_node[0m
[0.079s] [ 20%] [32mBuilding CXX object CMakeFiles/azure_kinect_ros_driver_node.dir/src/k4a_ros_device.cpp.o[0m
[5.937s] [ 40%] [32m[1mLinking CXX executable node[0m
[6.483s] [100%] Built target azure_kinect_ros_driver_node
[6.493s] Invoked command in '/home/francesco/humble_ws/src/Azure_Kinect_ROS_Driver/build/azure_kinect_ros_driver' returned '0': CMAKE_PREFIX_PATH=${CMAKE_PREFIX_PATH}:/opt/ros/humble /usr/bin/cmake --build /home/francesco/humble_ws/src/Azure_Kinect_ROS_Driver/build/azure_kinect_ros_driver -- -j12 -l12
[6.529s] Invoking command in '/home/francesco/humble_ws/src/Azure_Kinect_ROS_Driver/build/azure_kinect_ros_driver': CMAKE_PREFIX_PATH=${CMAKE_PREFIX_PATH}:/opt/ros/humble /usr/bin/cmake --install /home/francesco/humble_ws/src/Azure_Kinect_ROS_Driver/build/azure_kinect_ros_driver
[6.534s] -- Install configuration: ""
[6.534s] -- Installing: /home/francesco/humble_ws/src/Azure_Kinect_ROS_Driver/install/azure_kinect_ros_driver/lib/azure_kinect_ros_driver/node
[6.537s] -- Set runtime path of "/home/francesco/humble_ws/src/Azure_Kinect_ROS_Driver/install/azure_kinect_ros_driver/lib/azure_kinect_ros_driver/node" to ""
[6.537s] -- Installing: /home/francesco/humble_ws/src/Azure_Kinect_ROS_Driver/install/azure_kinect_ros_driver/share/azure_kinect_ros_driver//launch
[6.537s] -- Installing: /home/francesco/humble_ws/src/Azure_Kinect_ROS_Driver/install/azure_kinect_ros_driver/share/azure_kinect_ros_driver//launch/slam_rtabmap.launch
[6.537s] -- Installing: /home/francesco/humble_ws/src/Azure_Kinect_ROS_Driver/install/azure_kinect_ros_driver/share/azure_kinect_ros_driver//launch/rectify_test.launch
[6.537s] -- Installing: /home/francesco/humble_ws/src/Azure_Kinect_ROS_Driver/install/azure_kinect_ros_driver/share/azure_kinect_ros_driver//launch/driver.launch.py
[6.537s] -- Installing: /home/francesco/humble_ws/src/Azure_Kinect_ROS_Driver/install/azure_kinect_ros_driver/share/azure_kinect_ros_driver//urdf
[6.538s] -- Installing: /home/francesco/humble_ws/src/Azure_Kinect_ROS_Driver/install/azure_kinect_ros_driver/share/azure_kinect_ros_driver//urdf/azure_kinect.urdf.xacro
[6.538s] -- Installing: /home/francesco/humble_ws/src/Azure_Kinect_ROS_Driver/install/azure_kinect_ros_driver/share/ament_index/resource_index/package_run_dependencies/azure_kinect_ros_driver
[6.538s] -- Installing: /home/francesco/humble_ws/src/Azure_Kinect_ROS_Driver/install/azure_kinect_ros_driver/share/ament_index/resource_index/parent_prefix_path/azure_kinect_ros_driver
[6.538s] -- Installing: /home/francesco/humble_ws/src/Azure_Kinect_ROS_Driver/install/azure_kinect_ros_driver/share/azure_kinect_ros_driver/environment/ament_prefix_path.sh
[6.538s] -- Installing: /home/francesco/humble_ws/src/Azure_Kinect_ROS_Driver/install/azure_kinect_ros_driver/share/azure_kinect_ros_driver/environment/ament_prefix_path.dsv
[6.538s] -- Installing: /home/francesco/humble_ws/src/Azure_Kinect_ROS_Driver/install/azure_kinect_ros_driver/share/azure_kinect_ros_driver/environment/path.sh
[6.538s] -- Installing: /home/francesco/humble_ws/src/Azure_Kinect_ROS_Driver/install/azure_kinect_ros_driver/share/azure_kinect_ros_driver/environment/path.dsv
[6.538s] -- Installing: /home/francesco/humble_ws/src/Azure_Kinect_ROS_Driver/install/azure_kinect_ros_driver/share/azure_kinect_ros_driver/local_setup.bash
[6.539s] -- Installing: /home/francesco/humble_ws/src/Azure_Kinect_ROS_Driver/install/azure_kinect_ros_driver/share/azure_kinect_ros_driver/local_setup.sh
[6.539s] -- Installing: /home/francesco/humble_ws/src/Azure_Kinect_ROS_Driver/install/azure_kinect_ros_driver/share/azure_kinect_ros_driver/local_setup.zsh
[6.539s] -- Installing: /home/francesco/humble_ws/src/Azure_Kinect_ROS_Driver/install/azure_kinect_ros_driver/share/azure_kinect_ros_driver/local_setup.dsv
[6.539s] -- Installing: /home/francesco/humble_ws/src/Azure_Kinect_ROS_Driver/install/azure_kinect_ros_driver/share/azure_kinect_ros_driver/package.dsv
[6.539s] -- Installing: /home/francesco/humble_ws/src/Azure_Kinect_ROS_Driver/install/azure_kinect_ros_driver/share/ament_index/resource_index/packages/azure_kinect_ros_driver
[6.539s] -- Installing: /home/francesco/humble_ws/src/Azure_Kinect_ROS_Driver/install/azure_kinect_ros_driver/share/azure_kinect_ros_driver/cmake/azure_kinect_ros_driverConfig.cmake
[6.539s] -- Installing: /home/francesco/humble_ws/src/Azure_Kinect_ROS_Driver/install/azure_kinect_ros_driver/share/azure_kinect_ros_driver/cmake/azure_kinect_ros_driverConfig-version.cmake
[6.540s] -- Installing: /home/francesco/humble_ws/src/Azure_Kinect_ROS_Driver/install/azure_kinect_ros_driver/share/azure_kinect_ros_driver/package.xml
[6.541s] Invoked command in '/home/francesco/humble_ws/src/Azure_Kinect_ROS_Driver/build/azure_kinect_ros_driver' returned '0': CMAKE_PREFIX_PATH=${CMAKE_PREFIX_PATH}:/opt/ros/humble /usr/bin/cmake --install /home/francesco/humble_ws/src/Azure_Kinect_ROS_Driver/build/azure_kinect_ros_driver
